<?xml version="1.0" encoding="UTF-8"?>
<testng-results skipped="0" failed="0" ignored="0" total="1" passed="1">
  <reporter-output>
  </reporter-output>
  <suite name="Default suite" duration-ms="11979" started-at="2021-02-10T01:01:59 IST" finished-at="2021-02-10T01:02:11 IST">
    <groups>
    </groups>
    <test name="Default test" duration-ms="11979" started-at="2021-02-10T01:01:59 IST" finished-at="2021-02-10T01:02:11 IST">
      <class name="com.singleton.test.TestSingleton">
        <test-method status="PASS" signature="setup()[pri:0, instance:com.singleton.test.TestSingleton@9660f4e]" name="setup" is-config="true" duration-ms="9884" started-at="2021-02-10T01:01:59 IST" finished-at="2021-02-10T01:02:09 IST">
          <reporter-output>
          </reporter-output>
        </test-method> <!-- setup -->
        <test-method status="PASS" signature="testMethod()[pri:0, instance:com.singleton.test.TestSingleton@9660f4e]" name="testMethod" duration-ms="1855" started-at="2021-02-10T01:02:09 IST" finished-at="2021-02-10T01:02:11 IST">
          <reporter-output>
          </reporter-output>
        </test-method> <!-- testMethod -->
        <test-method status="PASS" signature="teardown()[pri:0, instance:com.singleton.test.TestSingleton@9660f4e]" name="teardown" is-config="true" duration-ms="171" started-at="2021-02-10T01:02:11 IST" finished-at="2021-02-10T01:02:11 IST">
          <reporter-output>
          </reporter-output>
        </test-method> <!-- teardown -->
      </class> <!-- com.singleton.test.TestSingleton -->
    </test> <!-- Default test -->
  </suite> <!-- Default suite -->
</testng-results>
